[28Jun2025 00:06:22.213] [Server thread/INFO] [net.minecraft.server.MinecraftServer/]: SayGabbis fell from a high place
[28Jun2025 00:06:24.432] [Server thread/WARN] [net.minecraft.server.network.ServerGamePacketListenerImpl/]: SayGabbis moved too quickly! -76.48872541098689,85.0,146.3448679862317
[28Jun2025 00:06:24.446] [Server thread/WARN] [net.minecraft.server.network.ServerGamePacketListenerImpl/]: SayGabbis moved too quickly! -76.48872541098689,85.0,146.3448679862317
[28Jun2025 00:11:58.564] [Server thread/WARN] [net.minecraft.server.network.ServerGamePacketListenerImpl/]: OMantovolei moved too quickly! 7.755851760942164,-2.1331377775500666,6.0015592377457665
[28Jun2025 00:23:00.781] [pool-10-thread-1/INFO] [Supplementaries/]: Searching for closest structure among [ResourceKey[minecraft:worldgen/structure / minecraft:village_desert], ResourceKey[minecraft:worldgen/structure / biomeswevegone:village/forgotten], ResourceKey[minecraft:worldgen/structure / minecraft:village_snowy], ResourceKey[minecraft:worldgen/structure / minecraft:village_savanna], ResourceKey[minecraft:worldgen/structure / biomeswevegone:village/salem], ResourceKey[minecraft:worldgen/structure / biomeswevegone:village/skyris], ResourceKey[minecraft:worldgen/structure / minecraft:village_plains], ResourceKey[minecraft:worldgen/structure / biomeswevegone:village/pumpkin_patch]] from pos BlockPos{x=-827, y=99, z=107}
[28Jun2025 00:23:04.140] [Server thread/WARN] [net.minecraft.server.MinecraftServer/]: Can't keep up! Is the server overloaded? Running 3193ms or 63 ticks behind
[28Jun2025 00:23:04.169] [Server thread/WARN] [net.minecraft.server.network.ServerGamePacketListenerImpl/]: OMantovolei moved too quickly! -10.13560606612134,0.0,0.6563883780524158
[28Jun2025 00:23:04.228] [Server thread/WARN] [net.minecraft.world.level.chunk.LevelChunk/]: Tried to load a DUMMY block entity @ BlockPos{x=-827, y=99, z=107} but found not block entity block Block{minecraft:spruce_trapdoor}[half=bottom,powered=false,open=false,facing=north,waterlogged=false] at location
[28Jun2025 00:23:04.228] [Server thread/WARN] [net.minecraft.world.level.chunk.LevelChunk/]: Tried to load a block entity for block Block{minecraft:spruce_trapdoor}[half=bottom,powered=false,open=false,facing=north,waterlogged=false] but failed at location BlockPos{x=-827, y=99, z=107}
[28Jun2025 00:23:12.225] [Server thread/INFO] [net.minecraft.server.MinecraftServer/]: SayGabbis has made the advancement [Suit Up]
[28Jun2025 00:39:24.512] [Server thread/INFO] [net.minecraft.server.MinecraftServer/]: OMantovolei has made the advancement [The Andesite Age]
[28Jun2025 00:39:27.614] [Server thread/INFO] [net.minecraft.server.MinecraftServer/]: Unknown or incomplete command, see below for error
[28Jun2025 00:39:27.634] [Server thread/INFO] [net.minecraft.server.MinecraftServer/]: gamerule<--[HERE]
[28Jun2025 00:39:39.286] [Server thread/INFO] [net.minecraft.server.MinecraftServer/]: Made SayGabbis a server operator
[28Jun2025 00:40:10.222] [Server thread/INFO] [net.minecraft.server.MinecraftServer/]: [SayGabbis: Gamerule playersSleepingPercentage is now set to: 1]
[28Jun2025 00:49:37.124] [Server thread/WARN] [net.minecraft.server.level.ServerPlayerGameMode/]: Mismatch in destroy block pos: BlockPos{x=-337, y=73, z=-170} BlockPos{x=-336, y=72, z=-171}
[28Jun2025 00:49:37.170] [Server thread/WARN] [net.minecraft.server.level.ServerPlayerGameMode/]: Mismatch in destroy block pos: BlockPos{x=-337, y=73, z=-170} BlockPos{x=-336, y=72, z=-171}
[28Jun2025 00:49:37.671] [Server thread/WARN] [net.minecraft.server.level.ServerPlayerGameMode/]: Mismatch in destroy block pos: BlockPos{x=-335, y=73, z=-172} BlockPos{x=-336, y=72, z=-169}
[28Jun2025 00:49:37.726] [Server thread/WARN] [net.minecraft.server.level.ServerPlayerGameMode/]: Mismatch in destroy block pos: BlockPos{x=-335, y=73, z=-172} BlockPos{x=-336, y=72, z=-169}
[28Jun2025 00:49:39.025] [Server thread/WARN] [net.minecraft.server.level.ServerPlayerGameMode/]: Mismatch in destroy block pos: BlockPos{x=-339, y=73, z=-168} BlockPos{x=-338, y=73, z=-167}
[28Jun2025 00:49:39.073] [Server thread/WARN] [net.minecraft.server.level.ServerPlayerGameMode/]: Mismatch in destroy block pos: BlockPos{x=-339, y=73, z=-168} BlockPos{x=-338, y=73, z=-167}
[28Jun2025 00:50:44.656] [Server thread/INFO] [net.minecraft.world.entity.npc.Villager/]: Villager Villager['Unemployed'/26821, l='ServerLevel[world]', x=-367.70, y=74.00, z=-164.04] died, message: 'Unemployed was slain by Zombie'
[28Jun2025 01:04:08.707] [Server thread/INFO] [net.minecraft.server.MinecraftServer/]: OMantovolei has made the advancement [Bonk!]
[28Jun2025 01:04:48.005] [Server thread/INFO] [net.minecraft.world.entity.npc.Villager/]: Villager Villager['Weaponsmith'/27108, l='ServerLevel[world]', x=-367.70, y=74.00, z=-164.70] died, message: 'Weaponsmith was slain by Zombie'
[28Jun2025 01:05:02.609] [Server thread/INFO] [net.minecraft.world.entity.npc.Villager/]: Villager Villager['Nitwit'/26822, l='ServerLevel[world]', x=-367.70, y=74.00, z=-164.43] died, message: 'Nitwit was slain by Zombie'
[28Jun2025 01:26:50.520] [Server thread/WARN] [net.minecraft.server.level.ServerPlayerGameMode/]: Mismatch in destroy block pos: BlockPos{x=-188, y=49, z=210} BlockPos{x=-188, y=48, z=210}
[28Jun2025 01:26:50.575] [Server thread/WARN] [net.minecraft.server.level.ServerPlayerGameMode/]: Mismatch in destroy block pos: BlockPos{x=-188, y=49, z=210} BlockPos{x=-188, y=48, z=210}
[28Jun2025 01:27:56.927] [Server thread/INFO] [net.minecraft.server.MinecraftServer/]: [SayGabbis: Made SayGabbis no longer a server operator]
[28Jun2025 01:57:44.372] [Server thread/INFO] [net.minecraft.server.MinecraftServer/]: SayGabbis has made the advancement [Ice Bucket Challenge]
[28Jun2025 01:58:49.239] [Server thread/INFO] [net.minecraft.server.MinecraftServer/]: SayGabbis has made the advancement [We Need to Go Deeper]
[28Jun2025 01:58:51.107] [Server thread/WARN] [net.minecraft.server.MinecraftServer/]: Can't keep up! Is the server overloaded? Running 2910ms or 58 ticks behind
[28Jun2025 01:59:01.708] [Worker-Main-4/WARN] [ModernFix/]: Skipped emitting ENTITY_MOUNT game event for entity Strider['Strider'/44804, l='ServerLevel[world]', x=-201.00, y=31.00, z=-86.00] as it would cause deadlock
[28Jun2025 01:59:03.376] [Worker-Main-3/WARN] [ModernFix/]: Skipped emitting ENTITY_MOUNT game event for entity Strider['Strider'/44828, l='ServerLevel[world]', x=93.00, y=31.00, z=-193.00] as it would cause deadlock
[28Jun2025 01:59:04.674] [Worker-Main-3/WARN] [ModernFix/]: Skipped emitting ENTITY_MOUNT game event for entity Strider['Strider'/44844, l='ServerLevel[world]', x=20.00, y=31.00, z=-221.00] as it would cause deadlock
[28Jun2025 01:59:06.379] [Worker-Main-8/WARN] [ModernFix/]: Skipped emitting ENTITY_MOUNT game event for entity Strider['Strider'/44959, l='ServerLevel[world]', x=153.00, y=31.00, z=129.00] as it would cause deadlock
[28Jun2025 01:59:25.876] [Worker-Main-6/WARN] [ModernFix/]: Skipped emitting ENTITY_MOUNT game event for entity Strider['Strider'/45070, l='ServerLevel[world]', x=167.00, y=31.00, z=44.00] as it would cause deadlock
[28Jun2025 02:07:31.555] [Server thread/INFO] [net.minecraft.server.MinecraftServer/]: SayGabbis has made the advancement [Bonk!]
[28Jun2025 02:09:17.286] [Netty Epoll Server IO #10/ERROR] [net.minecraft.network.PacketEncoder/]: Error sending packet clientbound/minecraft:disconnect
io.netty.handler.codec.EncoderException: Sending unknown packet 'clientbound/minecraft:disconnect'
	at TRANSFORMER/minecraft@1.21.1/net.minecraft.network.codec.IdDispatchCodec.encode(IdDispatchCodec.java:47) ~[server-1.21.1-20240808.144430-srg.jar%23219!/:?]
	at TRANSFORMER/minecraft@1.21.1/net.minecraft.network.codec.IdDispatchCodec.encode(IdDispatchCodec.java:14) ~[server-1.21.1-20240808.144430-srg.jar%23219!/:?]
	at TRANSFORMER/minecraft@1.21.1/net.minecraft.network.PacketEncoder.encode(PacketEncoder.java:24) ~[server-1.21.1-20240808.144430-srg.jar%23219!/:?]
	at TRANSFORMER/minecraft@1.21.1/net.minecraft.network.PacketEncoder.encode(PacketEncoder.java:12) ~[server-1.21.1-20240808.144430-srg.jar%23219!/:?]
	at MC-BOOTSTRAP/io.netty.codec@4.1.97.Final/io.netty.handler.codec.MessageToByteEncoder.write(MessageToByteEncoder.java:107) ~[netty-codec-4.1.97.Final.jar%23102!/:4.1.97.Final]
	at MC-BOOTSTRAP/io.netty.transport@4.1.97.Final/io.netty.channel.AbstractChannelHandlerContext.invokeWrite0(AbstractChannelHandlerContext.java:881) ~[netty-transport-4.1.97.Final.jar%23106!/:4.1.97.Final]
	at MC-BOOTSTRAP/io.netty.transport@4.1.97.Final/io.netty.channel.AbstractChannelHandlerContext.invokeWrite(AbstractChannelHandlerContext.java:863) ~[netty-transport-4.1.97.Final.jar%23106!/:4.1.97.Final]
	at MC-BOOTSTRAP/io.netty.transport@4.1.97.Final/io.netty.channel.AbstractChannelHandlerContext.write(AbstractChannelHandlerContext.java:968) ~[netty-transport-4.1.97.Final.jar%23106!/:4.1.97.Final]
	at MC-BOOTSTRAP/io.netty.transport@4.1.97.Final/io.netty.channel.AbstractChannelHandlerContext.write(AbstractChannelHandlerContext.java:856) ~[netty-transport-4.1.97.Final.jar%23106!/:4.1.97.Final]
	at MC-BOOTSTRAP/io.netty.transport@4.1.97.Final/io.netty.channel.ChannelOutboundHandlerAdapter.write(ChannelOutboundHandlerAdapter.java:113) ~[netty-transport-4.1.97.Final.jar%23106!/:4.1.97.Final]
	at TRANSFORMER/minecraft@1.21.1/net.minecraft.network.Connection$2.write(Connection.java:528) ~[server-1.21.1-20240808.144430-srg.jar%23219!/:?]
	at MC-BOOTSTRAP/io.netty.transport@4.1.97.Final/io.netty.channel.AbstractChannelHandlerContext.invokeWrite0(AbstractChannelHandlerContext.java:881) ~[netty-transport-4.1.97.Final.jar%23106!/:4.1.97.Final]
	at MC-BOOTSTRAP/io.netty.transport@4.1.97.Final/io.netty.channel.AbstractChannelHandlerContext.invokeWriteAndFlush(AbstractChannelHandlerContext.java:940) ~[netty-transport-4.1.97.Final.jar%23106!/:4.1.97.Final]
	at MC-BOOTSTRAP/io.netty.transport@4.1.97.Final/io.netty.channel.AbstractChannelHandlerContext.write(AbstractChannelHandlerContext.java:966) ~[netty-transport-4.1.97.Final.jar%23106!/:4.1.97.Final]
	at MC-BOOTSTRAP/io.netty.transport@4.1.97.Final/io.netty.channel.AbstractChannelHandlerContext.writeAndFlush(AbstractChannelHandlerContext.java:934) ~[netty-transport-4.1.97.Final.jar%23106!/:4.1.97.Final]
	at MC-BOOTSTRAP/io.netty.transport@4.1.97.Final/io.netty.channel.AbstractChannelHandlerContext.writeAndFlush(AbstractChannelHandlerContext.java:984) ~[netty-transport-4.1.97.Final.jar%23106!/:4.1.97.Final]
	at MC-BOOTSTRAP/io.netty.transport@4.1.97.Final/io.netty.channel.DefaultChannelPipeline.writeAndFlush(DefaultChannelPipeline.java:1025) ~[netty-transport-4.1.97.Final.jar%23106!/:4.1.97.Final]
	at MC-BOOTSTRAP/io.netty.transport@4.1.97.Final/io.netty.channel.AbstractChannel.writeAndFlush(AbstractChannel.java:306) ~[netty-transport-4.1.97.Final.jar%23106!/:4.1.97.Final]
	at TRANSFORMER/minecraft@1.21.1/net.minecraft.network.Connection.doSendPacket$mixinextras$wrapped$85(Connection.java:364) ~[server-1.21.1-20240808.144430-srg.jar%23219!/:?]
	at TRANSFORMER/minecraft@1.21.1/net.minecraft.network.Connection.mixinextras$bridge$doSendPacket$mixinextras$wrapped$85$86(Connection.java) ~[server-1.21.1-20240808.144430-srg.jar%23219!/:?]
	at TRANSFORMER/minecraft@1.21.1/net.minecraft.network.Connection.wrapMethod$zde000$modernfix$checkClientPresence(Connection.java:750) ~[server-1.21.1-20240808.144430-srg.jar%23219!/:?]
	at TRANSFORMER/minecraft@1.21.1/net.minecraft.network.Connection.doSendPacket(Connection.java) ~[server-1.21.1-20240808.144430-srg.jar%23219!/:?]
	at TRANSFORMER/minecraft@1.21.1/net.minecraft.network.Connection.sendPacket(Connection.java:357) ~[server-1.21.1-20240808.144430-srg.jar%23219!/:?]
	at TRANSFORMER/minecraft@1.21.1/net.minecraft.network.Connection.send(Connection.java:339) ~[server-1.21.1-20240808.144430-srg.jar%23219!/:?]
	at TRANSFORMER/minecraft@1.21.1/net.minecraft.network.Connection.send(Connection.java:333) ~[server-1.21.1-20240808.144430-srg.jar%23219!/:?]
	at TRANSFORMER/minecraft@1.21.1/net.minecraft.network.Connection.exceptionCaught(Connection.java:168) ~[server-1.21.1-20240808.144430-srg.jar%23219!/:?]
	at MC-BOOTSTRAP/io.netty.transport@4.1.97.Final/io.netty.channel.AbstractChannelHandlerContext.invokeExceptionCaught(AbstractChannelHandlerContext.java:346) ~[netty-transport-4.1.97.Final.jar%23106!/:4.1.97.Final]
	at MC-BOOTSTRAP/io.netty.transport@4.1.97.Final/io.netty.channel.AbstractChannelHandlerContext.invokeExceptionCaught(AbstractChannelHandlerContext.java:325) ~[netty-transport-4.1.97.Final.jar%23106!/:4.1.97.Final]
	at MC-BOOTSTRAP/io.netty.transport@4.1.97.Final/io.netty.channel.AbstractChannelHandlerContext.fireExceptionCaught(AbstractChannelHandlerContext.java:317) ~[netty-transport-4.1.97.Final.jar%23106!/:4.1.97.Final]
	at MC-BOOTSTRAP/io.netty.transport@4.1.97.Final/io.netty.channel.DefaultChannelPipeline$HeadContext.exceptionCaught(DefaultChannelPipeline.java:1377) ~[netty-transport-4.1.97.Final.jar%23106!/:4.1.97.Final]
	at MC-BOOTSTRAP/io.netty.transport@4.1.97.Final/io.netty.channel.AbstractChannelHandlerContext.invokeExceptionCaught(AbstractChannelHandlerContext.java:346) ~[netty-transport-4.1.97.Final.jar%23106!/:4.1.97.Final]
	at MC-BOOTSTRAP/io.netty.transport@4.1.97.Final/io.netty.channel.AbstractChannelHandlerContext.invokeExceptionCaught(AbstractChannelHandlerContext.java:325) ~[netty-transport-4.1.97.Final.jar%23106!/:4.1.97.Final]
	at MC-BOOTSTRAP/io.netty.transport@4.1.97.Final/io.netty.channel.DefaultChannelPipeline.fireExceptionCaught(DefaultChannelPipeline.java:907) ~[netty-transport-4.1.97.Final.jar%23106!/:4.1.97.Final]
	at MC-BOOTSTRAP/io.netty.transport.classes.epoll@4.1.97.Final/io.netty.channel.epoll.AbstractEpollStreamChannel$EpollStreamUnsafe.handleReadException(AbstractEpollStreamChannel.java:728) ~[netty-transport-classes-epoll-4.1.97.Final.jar%23107!/:4.1.97.Final]
	at MC-BOOTSTRAP/io.netty.transport.classes.epoll@4.1.97.Final/io.netty.channel.epoll.AbstractEpollStreamChannel$EpollStreamUnsafe.epollInReady(AbstractEpollStreamChannel.java:826) ~[netty-transport-classes-epoll-4.1.97.Final.jar%23107!/:4.1.97.Final]
	at MC-BOOTSTRAP/io.netty.transport.classes.epoll@4.1.97.Final/io.netty.channel.epoll.EpollEventLoop.processReady(EpollEventLoop.java:509) ~[netty-transport-classes-epoll-4.1.97.Final.jar%23107!/:4.1.97.Final]
	at MC-BOOTSTRAP/io.netty.transport.classes.epoll@4.1.97.Final/io.netty.channel.epoll.EpollEventLoop.run(EpollEventLoop.java:407) ~[netty-transport-classes-epoll-4.1.97.Final.jar%23107!/:4.1.97.Final]
	at MC-BOOTSTRAP/io.netty.common@4.1.97.Final/io.netty.util.concurrent.SingleThreadEventExecutor$4.run(SingleThreadEventExecutor.java:997) ~[netty-common-4.1.97.Final.jar%23103!/:4.1.97.Final]
	at MC-BOOTSTRAP/io.netty.common@4.1.97.Final/io.netty.util.internal.ThreadExecutorMap$2.run(ThreadExecutorMap.java:74) ~[netty-common-4.1.97.Final.jar%23103!/:4.1.97.Final]
	at java.base/java.lang.Thread.run(Thread.java:1583) [?:?]
[28Jun2025 02:14:03.119] [Server thread/INFO] [net.minecraft.server.MinecraftServer/]: <SayGabbis> alo
[28Jun2025 02:28:34.370] [Server thread/WARN] [net.minecraft.server.MinecraftServer/]: Can't keep up! Is the server overloaded? Running 2574ms or 51 ticks behind
[28Jun2025 02:32:45.026] [pool-10-thread-2/INFO] [Supplementaries/]: Searching for closest structure among [ResourceKey[minecraft:worldgen/structure / minecraft:village_plains], ResourceKey[minecraft:worldgen/structure / minecraft:village_taiga], ResourceKey[minecraft:worldgen/structure / biomeswevegone:village/salem], ResourceKey[minecraft:worldgen/structure / biomeswevegone:village/pumpkin_patch], ResourceKey[minecraft:worldgen/structure / minecraft:village_desert], ResourceKey[minecraft:worldgen/structure / biomeswevegone:village/skyris], ResourceKey[minecraft:worldgen/structure / biomeswevegone:village/forgotten], ResourceKey[minecraft:worldgen/structure / minecraft:village_savanna]] from pos BlockPos{x=-1819, y=75, z=-165}
[28Jun2025 02:36:17.429] [pool-10-thread-3/INFO] [Supplementaries/]: Searching for closest structure among [ResourceKey[minecraft:worldgen/structure / minecraft:village_desert], ResourceKey[minecraft:worldgen/structure / minecraft:village_taiga], ResourceKey[minecraft:worldgen/structure / minecraft:village_savanna], ResourceKey[minecraft:worldgen/structure / biomeswevegone:village/pumpkin_patch], ResourceKey[minecraft:worldgen/structure / biomeswevegone:village/skyris], ResourceKey[minecraft:worldgen/structure / biomeswevegone:village/red_rock], ResourceKey[minecraft:worldgen/structure / minecraft:village_plains], ResourceKey[minecraft:worldgen/structure / minecraft:village_snowy]] from pos BlockPos{x=-1739, y=78, z=363}
[28Jun2025 02:48:12.262] [Server thread/INFO] [net.minecraft.server.MinecraftServer/]: SayGabbis has made the advancement [A Seedy Place]
[28Jun2025 03:13:04.274] [Server thread/INFO] [net.minecraft.server.MinecraftServer/]: OMantovolei has made the advancement [A Seedy Place]
[28Jun2025 03:15:40.786] [Worker-Main-4/WARN] [ModernFix/]: Skipped emitting ENTITY_MOUNT game event for entity Strider['Strider'/72245, l='ServerLevel[world]', x=75.00, y=31.00, z=-257.00] as it would cause deadlock
[28Jun2025 03:15:42.286] [Worker-Main-8/WARN] [ModernFix/]: Skipped emitting ENTITY_MOUNT game event for entity Strider['Strider'/72254, l='ServerLevel[world]', x=-264.00, y=31.00, z=-41.00] as it would cause deadlock
[28Jun2025 03:15:55.587] [Worker-Main-5/WARN] [ModernFix/]: Skipped emitting ENTITY_MOUNT game event for entity Strider['Strider'/72347, l='ServerLevel[world]', x=-286.00, y=31.00, z=-43.00] as it would cause deadlock
[28Jun2025 03:17:50.174] [Server thread/INFO] [net.minecraft.server.MinecraftServer/]: OMantovolei has made the advancement [We Need to Go Deeper]
[28Jun2025 03:22:55.172] [Server thread/INFO] [net.minecraft.server.MinecraftServer/]: SayGabbis tried to swim in lava
[28Jun2025 03:29:27.527] [Server thread/INFO] [net.minecraft.server.MinecraftServer/]: Made SayGabbis a server operator
[28Jun2025 03:31:41.536] [Server thread/INFO] [net.minecraft.server.MinecraftServer/]: SayGabbis has made the advancement [War Pigs]
[28Jun2025 03:31:46.998] [Server thread/INFO] [net.minecraft.server.MinecraftServer/]: SayGabbis has made the advancement [Cover Me with Diamonds]
[28Jun2025 03:31:48.076] [Server thread/INFO] [net.minecraft.server.MinecraftServer/]: SayGabbis has made the advancement [Hidden in the Depths]
[28Jun2025 03:31:48.317] [Server thread/INFO] [net.minecraft.server.MinecraftServer/]: SayGabbis has made the advancement [Who is Cutting Onions?]
[28Jun2025 03:32:35.406] [Server thread/INFO] [net.minecraft.server.MinecraftServer/]: SayGabbis was slain by Piglin Brute
[28Jun2025 03:32:41.070] [Server thread/INFO] [net.minecraft.server.MinecraftServer/]: OMantovolei was slain by Piglin Brute
[28Jun2025 03:33:01.457] [Server thread/INFO] [net.minecraft.world.entity.npc.Villager/]: Villager Villager['Nitwit'/76618, l='ServerLevel[world]', x=-284.51, y=67.00, z=-150.13] died, message: 'Nitwit was slain by Zombie'
[28Jun2025 04:07:15.864] [Server thread/INFO] [net.minecraft.world.entity.npc.Villager/]: Villager Villager['Unemployed'/79189, l='ServerLevel[world]', x=-344.72, y=73.04, z=-170.30] died, message: 'Unemployed was slain by OMantovolei'
[28Jun2025 04:14:32.665] [Server thread/INFO] [net.minecraft.server.MinecraftServer/]: OMantovolei has made the advancement [Into Fire]
[28Jun2025 04:14:32.959] [Server thread/INFO] [net.minecraft.server.MinecraftServer/]: SayGabbis has made the advancement [Into Fire]
[28Jun2025 04:20:41.358] [Server thread/INFO] [net.minecraft.server.MinecraftServer/]: OMantovolei tried to swim in lava
[28Jun2025 04:20:41.365] [Server thread/INFO] [com.tiviacz.travelersbackpack.TravelersBackpack/]: Created new backpack backup file for OMantovolei with unique ID travelersbackpack.standard_28.06.2025-04.20.41.dat
[28Jun2025 04:32:01.075] [Server thread/INFO] [net.minecraft.server.MinecraftServer/]: SayGabbis fell from a high place
[28Jun2025 04:32:01.083] [Server thread/INFO] [com.tiviacz.travelersbackpack.TravelersBackpack/]: Created new backpack backup file for SayGabbis with unique ID travelersbackpack.standard_28.06.2025-04.32.01.dat
[28Jun2025 04:36:05.054] [Server thread/INFO] [net.minecraft.server.MinecraftServer/]: OMantovolei was slain by Piglin Brute
[28Jun2025 04:36:05.059] [Server thread/INFO] [com.tiviacz.travelersbackpack.TravelersBackpack/]: Created new backpack backup file for OMantovolei with unique ID travelersbackpack.standard_28.06.2025-04.36.05.dat
[28Jun2025 04:36:16.874] [Server thread/INFO] [net.minecraft.server.MinecraftServer/]: SayGabbis was slain by Piglin
[28Jun2025 04:36:16.877] [Server thread/INFO] [com.tiviacz.travelersbackpack.TravelersBackpack/]: Created new backpack backup file for SayGabbis with unique ID travelersbackpack.standard_28.06.2025-04.36.16.dat
[28Jun2025 04:42:04.690] [Server thread/INFO] [net.minecraft.server.MinecraftServer/]: OMantovolei has made the advancement [War Pigs]
[28Jun2025 04:42:06.711] [Server thread/INFO] [net.minecraft.server.MinecraftServer/]: OMantovolei has made the advancement [Cover Me with Diamonds]
[28Jun2025 04:42:06.745] [Server thread/INFO] [net.minecraft.server.MinecraftServer/]: OMantovolei has made the advancement [Hunt and Gather]
[28Jun2025 04:49:40.059] [Server thread/INFO] [net.minecraft.server.MinecraftServer/]: SayGabbis tried to swim in lava
[28Jun2025 04:49:40.065] [Server thread/INFO] [com.tiviacz.travelersbackpack.TravelersBackpack/]: Created new backpack backup file for SayGabbis with unique ID travelersbackpack.standard_28.06.2025-04.49.40.dat
[28Jun2025 04:51:26.813] [Server thread/INFO] [net.minecraft.server.MinecraftServer/]: SayGabbis tried to swim in lava
[28Jun2025 04:55:03.458] [Server thread/INFO] [net.minecraft.server.MinecraftServer/]: SayGabbis burned to death
[28Jun2025 05:01:03.120] [Worker-Main-15/WARN] [ModernFix/]: Skipped emitting ENTITY_MOUNT game event for entity Strider['Strider'/91975, l='ServerLevel[world]', x=128.90, y=31.00, z=256.90] as it would cause deadlock
[28Jun2025 05:01:03.803] [Worker-Main-15/WARN] [ModernFix/]: Skipped emitting ENTITY_MOUNT game event for entity Strider['Strider'/91987, l='ServerLevel[world]', x=249.00, y=31.00, z=262.00] as it would cause deadlock
[28Jun2025 05:40:54.297] [Server thread/WARN] [net.minecraft.server.network.ServerGamePacketListenerImpl/]: OMantovolei moved too quickly! 9.924100831778787,-1.5137968536522237,0.7811631886419264
[28Jun2025 05:55:45.756] [Server thread/INFO] [net.minecraft.server.network.ServerGamePacketListenerImpl/]: OMantovolei lost connection: Disconnected
[28Jun2025 05:55:45.757] [Server thread/INFO] [net.minecraft.server.MinecraftServer/]: OMantovolei left the game
[28Jun2025 06:08:42.903] [Server thread/INFO] [net.minecraft.world.entity.npc.Villager/]: Villager Villager['Weaponsmith'/93122, l='ServerLevel[world]', x=-348.30, y=63.00, z=-109.70] died, message: 'Weaponsmith was slain by Zombie'
[28Jun2025 06:26:59.458] [Server thread/INFO] [net.minecraft.server.network.ServerGamePacketListenerImpl/]: SayGabbis lost connection: Disconnected
[28Jun2025 06:26:59.458] [Server thread/INFO] [net.minecraft.server.MinecraftServer/]: SayGabbis left the game
[28Jun2025 09:11:34.699] [Server thread/INFO] [net.minecraft.server.MinecraftServer/]: Stopping the server
[28Jun2025 09:11:34.757] [Server thread/INFO] [net.minecraft.server.MinecraftServer/]: Stopping server
[28Jun2025 09:11:34.759] [Server thread/INFO] [net.minecraft.server.MinecraftServer/]: Saving players
[28Jun2025 09:11:34.759] [Server thread/INFO] [net.minecraft.server.MinecraftServer/]: Saving worlds
[28Jun2025 09:11:35.038] [Server thread/INFO] [net.minecraft.server.MinecraftServer/]: Saving chunks for level 'ServerLevel[world]'/minecraft:overworld
[28Jun2025 09:11:35.048] [Server thread/INFO] [net.minecraft.server.MinecraftServer/]: Saving chunks for level 'ServerLevel[world]'/aether:the_aether
[28Jun2025 09:11:35.056] [Server thread/INFO] [net.minecraft.server.MinecraftServer/]: Saving chunks for level 'ServerLevel[world]'/minecraft:the_nether
[28Jun2025 09:11:35.061] [Server thread/INFO] [net.minecraft.server.MinecraftServer/]: Saving chunks for level 'ServerLevel[world]'/minecraft:the_end
[28Jun2025 09:11:35.210] [Server thread/INFO] [net.minecraft.server.MinecraftServer/]: ThreadedAnvilChunkStorage (world): All chunks are saved
[28Jun2025 09:11:35.211] [Server thread/INFO] [net.minecraft.server.MinecraftServer/]: ThreadedAnvilChunkStorage (the_aether): All chunks are saved
[28Jun2025 09:11:35.211] [Server thread/INFO] [net.minecraft.server.MinecraftServer/]: ThreadedAnvilChunkStorage (DIM-1): All chunks are saved
[28Jun2025 09:11:35.211] [Server thread/INFO] [net.minecraft.server.MinecraftServer/]: ThreadedAnvilChunkStorage (DIM1): All chunks are saved
[28Jun2025 09:11:35.212] [Server thread/INFO] [net.minecraft.server.MinecraftServer/]: ThreadedAnvilChunkStorage: All dimensions are saved
[28Jun2025 09:11:35.367] [Server thread/INFO] [Framework/]: Unloading server configs...
[28Jun2025 09:11:35.369] [Server thread/INFO] [Framework/]: Sending config unload event for refurbished_furniture.server.toml
[28Jun2025 09:11:35.377] [Server thread/INFO] [Framework/]: Finished unloading server configs
